<?xml version='1.0' encoding='UTF-8'?>
<profileExport>
  <input name="test_iban">
    <drillThrough limited="false" table="PROF_c43a3de9_0_0">
      <mapping column="S_0" name="src_name" type="STRING"/>
      <mapping column="S_1" name="src_iban" type="STRING"/>
      <mapping column="S_2" name="ipv4" type="STRING"/>
      <mapping column="E_3" name="src_name_fa" type="STRING"/>
      <mapping column="E_4" name="src_iban_fa" type="STRING"/>
      <mapping column="E_5" name="ipv4_fa" type="STRING"/>
      <mapping column="P_6" name="pd_0" type="LONG"/>
      <mapping column="P_7" name="pd_1" type="LONG"/>
      <mapping column="P_8" name="pd_2" type="LONG"/>
    </drillThrough>
    <dataAnalyses>
      <dataAnalyse indColumn="P_6" columnType="STRING" column="S_0">
        <expression>src_name</expression>
        <domainAnalysis>
          <domainAnalyse name="enum">
            <examples>
              <example numCases="2" index="0" numValues="1" value="Dr. John Smith"/>
              <example numCases="3" index="2" numValues="1" value="James Fort"/>
              <example numCases="1" index="5" numValues="1" value="James Smith"/>
              <example numCases="1" index="6" numValues="1" value="John William Smith"/>
              <example numCases="1" index="7" numValues="1" value="Smith W. John"/>
            </examples>
          </domainAnalyse>
          <domainAnalyse name="pattern">
            <examples>
              <example numCases="1" numValues="1" value="W L. W"/>
              <example numCases="2" numValues="1" value="W. W W"/>
              <example numCases="1" numValues="1" value="W W W"/>
              <example numCases="4" numValues="2" value="W W"/>
            </examples>
          </domainAnalyse>
        </domainAnalysis>
        <statistics>
          <stat multiple="false" type="count">
            <item value="8"/>
          </stat>
          <stat multiple="false" type="count_nulls">
            <item value="0"/>
          </stat>
          <stat multiple="false" type="count_not_nulls">
            <item value="8"/>
          </stat>
          <stat multiple="true" type="first_x">
            <item count="2" index="0" value="Dr. John Smith"/>
            <item count="3" index="2" value="James Fort"/>
            <item count="1" index="5" value="James Smith"/>
            <item count="1" index="6" value="John William Smith"/>
            <item count="1" index="7" value="Smith W. John"/>
          </stat>
          <stat multiple="true" type="last_x">
            <item count="1" index="7" value="Smith W. John"/>
            <item count="1" index="6" value="John William Smith"/>
            <item count="1" index="5" value="James Smith"/>
            <item count="3" index="2" value="James Fort"/>
            <item count="2" index="0" value="Dr. John Smith"/>
          </stat>
          <stat multiple="true" type="quantiles">
            <item index="0" value="Dr. John Smith" percent="0%"/>
            <item index="0" value="Dr. John Smith" percent="10%"/>
            <item index="0" value="Dr. John Smith" percent="20%"/>
            <item index="2" value="James Fort" percent="30%"/>
            <item index="2" value="James Fort" percent="40%"/>
            <item index="2" value="James Fort" percent="50%"/>
            <item index="2" value="James Fort" percent="60%"/>
            <item index="5" value="James Smith" percent="70%"/>
            <item index="6" value="John William Smith" percent="80%"/>
            <item index="7" value="Smith W. John" percent="90%"/>
            <item index="7" value="Smith W. John" percent="100%"/>
          </stat>
          <stat multiple="false" type="distinct">
            <item value="5"/>
          </stat>
          <stat multiple="false" type="unique">
            <item value="3"/>
          </stat>
          <stat multiple="false" type="min">
            <item count="2" index="0" value="Dr. John Smith"/>
          </stat>
          <stat multiple="false" type="max">
            <item count="1" index="7" value="Smith W. John"/>
          </stat>
          <stat multiple="false" type="median">
            <item count="3" index="4" value="James Fort"/>
          </stat>
          <stat multiple="false" type="min_positive_length">
            <item value="10"/>
          </stat>
          <stat multiple="false" type="min_length">
            <item value="10"/>
          </stat>
          <stat multiple="false" type="max_length">
            <item value="18"/>
          </stat>
          <stat multiple="false" type="avg_length">
            <item value="12.5"/>
          </stat>
          <stat multiple="false" type="median_length">
            <item value="11"/>
          </stat>
          <stat multiple="false" type="non_unique">
            <item index="0" value="2"/>
          </stat>
          <stat multiple="false" type="duplicate">
            <item index="0" value="3"/>
          </stat>
        </statistics>
        <frequencies column="S_0">
          <items>
            <item count="3" percent="37.5%" value="James Fort"/>
            <item count="2" percent="25%" value="Dr. John Smith"/>
            <item count="1" percent="12.5%" value="James Smith"/>
            <item count="1" percent="12.5%" value="John William Smith"/>
            <item count="1" percent="12.5%" value="Smith W. John"/>
          </items>
        </frequencies>
        <frequenciesMasked column="E_3" mask="characters">
          <items>
            <item count="3" percent="37.5%" value="LLLLL LLLL"/>
            <item count="2" percent="25%" value="LL. LLLL LLLLL"/>
            <item count="1" percent="12.5%" value="LLLL LLLLLLL LLLLL"/>
            <item count="1" percent="12.5%" value="LLLLL L. LLLL"/>
            <item count="1" percent="12.5%" value="LLLLL LLLLL"/>
          </items>
        </frequenciesMasked>
        <groupSizeAnalysis>
          <items>
            <item count="3" percent="60%" value="1"/>
            <item count="1" percent="20%" value="3"/>
            <item count="1" percent="20%" value="2"/>
          </items>
        </groupSizeAnalysis>
      </dataAnalyse>
      <dataAnalyse indColumn="P_7" columnType="STRING" column="S_1">
        <expression>src_iban</expression>
        <domainAnalysis>
          <domainAnalyse name="enum">
            <examples>
              <example numCases="1" index="0" numValues="1" value="&lt;CD34DFVGTR4567YTR3S69L9O8I7Y4F6DV4&gt;"/>
              <example numCases="1" index="1" numValues="1" value="CD34DFVGTR4567YTR3S69L9O8I7Y4F6DV4"/>
              <example numCases="1" index="2" numValues="1" value="FR54 FED456TVFDW3E4RD"/>
              <example numCases="1" index="3" numValues="1" value="IBAN: CD34DFVGTR4567YTR3S69"/>
              <example numCases="1" index="4" numValues="1" value="IBAN:&lt;CD34DFVGTR4567YTR3S69L9O8I7Y4F6DV4&gt;"/>
              <example numCases="1" index="5" numValues="1" value="IBAN:CD34DFVGTR4567YTR3S69"/>
              <example numCases="1" index="6" numValues="1" value="LO67GT67HJ89UYTR43ED"/>
              <example numCases="1" index="7" numValues="1" value="LO67GT67HJ89UYTR43EG"/>
            </examples>
          </domainAnalyse>
          <domainAnalyse name="pattern">
            <examples>
              <example numCases="1" numValues="1" value="WN WNWDLDW"/>
              <example numCases="1" numValues="1" value="W:WNWNWDLN"/>
              <example numCases="1" numValues="1" value="W: WNWNWDLN"/>
              <example numCases="1" numValues="1" value="W:&lt;WNWNWDLNLDLDLDLDLDWD&gt;"/>
              <example numCases="1" numValues="1" value="WNWNWDLNLDLDLDLDLDWD"/>
              <example numCases="1" numValues="1" value="&lt;WNWNWDLNLDLDLDLDLDWD&gt;"/>
              <example numCases="2" numValues="2" value="WNWNWNWNW"/>
            </examples>
          </domainAnalyse>
        </domainAnalysis>
        <statistics>
          <stat multiple="false" type="count">
            <item value="8"/>
          </stat>
          <stat multiple="false" type="count_nulls">
            <item value="0"/>
          </stat>
          <stat multiple="false" type="count_not_nulls">
            <item value="8"/>
          </stat>
          <stat multiple="true" type="first_x">
            <item count="1" index="0" value="&lt;CD34DFVGTR4567YTR3S69L9O8I7Y4F6DV4&gt;"/>
            <item count="1" index="1" value="CD34DFVGTR4567YTR3S69L9O8I7Y4F6DV4"/>
            <item count="1" index="2" value="FR54 FED456TVFDW3E4RD"/>
            <item count="1" index="3" value="IBAN: CD34DFVGTR4567YTR3S69"/>
            <item count="1" index="4" value="IBAN:&lt;CD34DFVGTR4567YTR3S69L9O8I7Y4F6DV4&gt;"/>
          </stat>
          <stat multiple="true" type="last_x">
            <item count="1" index="7" value="LO67GT67HJ89UYTR43EG"/>
            <item count="1" index="6" value="LO67GT67HJ89UYTR43ED"/>
            <item count="1" index="5" value="IBAN:CD34DFVGTR4567YTR3S69"/>
            <item count="1" index="4" value="IBAN:&lt;CD34DFVGTR4567YTR3S69L9O8I7Y4F6DV4&gt;"/>
            <item count="1" index="3" value="IBAN: CD34DFVGTR4567YTR3S69"/>
          </stat>
          <stat multiple="true" type="quantiles">
            <item index="0" value="&lt;CD34DFVGTR4567YTR3S69L9O8I7Y4F6DV4&gt;" percent="0%"/>
            <item index="0" value="&lt;CD34DFVGTR4567YTR3S69L9O8I7Y4F6DV4&gt;" percent="10%"/>
            <item index="1" value="CD34DFVGTR4567YTR3S69L9O8I7Y4F6DV4" percent="20%"/>
            <item index="2" value="FR54 FED456TVFDW3E4RD" percent="30%"/>
            <item index="3" value="IBAN: CD34DFVGTR4567YTR3S69" percent="40%"/>
            <item index="3" value="IBAN: CD34DFVGTR4567YTR3S69" percent="50%"/>
            <item index="4" value="IBAN:&lt;CD34DFVGTR4567YTR3S69L9O8I7Y4F6DV4&gt;" percent="60%"/>
            <item index="5" value="IBAN:CD34DFVGTR4567YTR3S69" percent="70%"/>
            <item index="6" value="LO67GT67HJ89UYTR43ED" percent="80%"/>
            <item index="7" value="LO67GT67HJ89UYTR43EG" percent="90%"/>
            <item index="7" value="LO67GT67HJ89UYTR43EG" percent="100%"/>
          </stat>
          <stat multiple="false" type="distinct">
            <item value="8"/>
          </stat>
          <stat multiple="false" type="unique">
            <item value="8"/>
          </stat>
          <stat multiple="false" type="min">
            <item count="1" index="0" value="&lt;CD34DFVGTR4567YTR3S69L9O8I7Y4F6DV4&gt;"/>
          </stat>
          <stat multiple="false" type="max">
            <item count="1" index="7" value="LO67GT67HJ89UYTR43EG"/>
          </stat>
          <stat multiple="false" type="median">
            <item count="1" index="4" value="IBAN:&lt;CD34DFVGTR4567YTR3S69L9O8I7Y4F6DV4&gt;"/>
          </stat>
          <stat multiple="false" type="min_positive_length">
            <item value="20"/>
          </stat>
          <stat multiple="false" type="min_length">
            <item value="20"/>
          </stat>
          <stat multiple="false" type="max_length">
            <item value="41"/>
          </stat>
          <stat multiple="false" type="avg_length">
            <item value="28.125"/>
          </stat>
          <stat multiple="false" type="median_length">
            <item value="26"/>
          </stat>
          <stat multiple="false" type="non_unique">
            <item index="0" value="0"/>
          </stat>
          <stat multiple="false" type="duplicate">
            <item index="0" value="0"/>
          </stat>
        </statistics>
        <frequencies column="S_1">
          <items>
            <item count="1" percent="12.5%" value="&lt;CD34DFVGTR4567YTR3S69L9O8I7Y4F6DV4&gt;"/>
            <item count="1" percent="12.5%" value="CD34DFVGTR4567YTR3S69L9O8I7Y4F6DV4"/>
            <item count="1" percent="12.5%" value="FR54 FED456TVFDW3E4RD"/>
            <item count="1" percent="12.5%" value="IBAN: CD34DFVGTR4567YTR3S69"/>
            <item count="1" percent="12.5%" value="IBAN:&lt;CD34DFVGTR4567YTR3S69L9O8I7Y4F6DV4&gt;"/>
            <item count="1" percent="12.5%" value="IBAN:CD34DFVGTR4567YTR3S69"/>
            <item count="1" percent="12.5%" value="LO67GT67HJ89UYTR43ED"/>
            <item count="1" percent="12.5%" value="LO67GT67HJ89UYTR43EG"/>
          </items>
        </frequencies>
        <frequenciesMasked column="E_4" mask="characters">
          <items>
            <item count="2" percent="25%" value="LLDDLLDDLLDDLLLLDDLL"/>
            <item count="1" percent="12.5%" value="&lt;LLDDLLLLLLDDDDLLLDLDDLDLDLDLDLDLLD&gt;"/>
            <item count="1" percent="12.5%" value="LLDD LLLDDDLLLLLDLDLL"/>
            <item count="1" percent="12.5%" value="LLDDLLLLLLDDDDLLLDLDDLDLDLDLDLDLLD"/>
            <item count="1" percent="12.5%" value="LLLL: LLDDLLLLLLDDDDLLLDLDD"/>
            <item count="1" percent="12.5%" value="LLLL:&lt;LLDDLLLLLLDDDDLLLDLDDLDLDLDLDLDLLD&gt;"/>
            <item count="1" percent="12.5%" value="LLLL:LLDDLLLLLLDDDDLLLDLDD"/>
          </items>
        </frequenciesMasked>
        <groupSizeAnalysis>
          <items>
            <item count="8" percent="100%" value="1"/>
          </items>
        </groupSizeAnalysis>
      </dataAnalyse>
      <dataAnalyse indColumn="P_8" columnType="STRING" column="S_2">
        <expression>ipv4</expression>
        <domainAnalysis>
          <domainAnalyse name="oneval">
            <examples>
              <example numCases="1" index="0" numValues="1" value="255.0.0.1"/>
            </examples>
          </domainAnalyse>
          <domainAnalyse name="pattern">
            <examples>
              <example numCases="1" numValues="1" value="N.D.D.D"/>
            </examples>
          </domainAnalyse>
        </domainAnalysis>
        <statistics>
          <stat multiple="false" type="count">
            <item value="8"/>
          </stat>
          <stat multiple="false" type="count_nulls">
            <item value="7"/>
          </stat>
          <stat multiple="false" type="count_not_nulls">
            <item value="1"/>
          </stat>
          <stat multiple="true" type="first_x">
            <item count="1" index="0" value="255.0.0.1"/>
          </stat>
          <stat multiple="true" type="last_x">
            <item count="1" index="0" value="255.0.0.1"/>
          </stat>
          <stat multiple="true" type="quantiles">
            <item index="0" value="255.0.0.1" percent="0%"/>
            <item index="0" value="255.0.0.1" percent="10%"/>
            <item index="0" value="255.0.0.1" percent="20%"/>
            <item index="0" value="255.0.0.1" percent="30%"/>
            <item index="0" value="255.0.0.1" percent="40%"/>
            <item index="0" value="255.0.0.1" percent="50%"/>
            <item index="0" value="255.0.0.1" percent="60%"/>
            <item index="0" value="255.0.0.1" percent="70%"/>
            <item index="0" value="255.0.0.1" percent="80%"/>
            <item index="0" value="255.0.0.1" percent="90%"/>
            <item index="0" value="255.0.0.1" percent="100%"/>
          </stat>
          <stat multiple="false" type="distinct">
            <item value="1"/>
          </stat>
          <stat multiple="false" type="unique">
            <item value="1"/>
          </stat>
          <stat multiple="false" type="min">
            <item count="1" index="0" value="255.0.0.1"/>
          </stat>
          <stat multiple="false" type="max">
            <item count="1" index="0" value="255.0.0.1"/>
          </stat>
          <stat multiple="false" type="median">
            <item count="1" index="0" value="255.0.0.1"/>
          </stat>
          <stat multiple="false" type="min_positive_length">
            <item value="9"/>
          </stat>
          <stat multiple="false" type="min_length">
            <item value="9"/>
          </stat>
          <stat multiple="false" type="max_length">
            <item value="9"/>
          </stat>
          <stat multiple="false" type="avg_length">
            <item value="9"/>
          </stat>
          <stat multiple="false" type="median_length">
            <item value="9"/>
          </stat>
          <stat multiple="false" type="non_unique">
            <item index="0" value="0"/>
          </stat>
          <stat multiple="false" type="duplicate">
            <item index="0" value="0"/>
          </stat>
        </statistics>
        <frequencies column="S_2">
          <items>
            <item count="7" percent="87.5%"/>
            <item count="1" percent="12.5%" value="255.0.0.1"/>
          </items>
        </frequencies>
        <frequenciesMasked column="E_5" mask="characters">
          <items>
            <item count="7" percent="87.5%"/>
            <item count="1" percent="12.5%" value="DDD.D.D.D"/>
          </items>
        </frequenciesMasked>
        <groupSizeAnalysis>
          <items>
            <item count="1" percent="100%" value="1"/>
          </items>
        </groupSizeAnalysis>
      </dataAnalyse>
    </dataAnalyses>
  </input>
</profileExport>